<?xml version="1.0" encoding="utf-8"?><testsuites name="pytest tests"><testsuite name="pytest" errors="0" failures="0" skipped="0" tests="219" time="14.054" timestamp="2026-08-15T08:38:06.570552+09:00" hostname="JANG"><testcase classname="tests.api.v1.test_auth_flow" name="test_login_success_sets_httponly_cookie" time="0.487" /><testcase classname="tests.api.v1.test_auth_flow" name="test_login_unknown_employee_returns_401" time="0.027" /><testcase classname="tests.api.v1.test_auth_flow" name="test_login_missing_field_returns_422" time="0.006" /><testcase classname="tests.api.v1.test_auth_flow" name="test_me_without_token_returns_401" time="0.004" /><testcase classname="tests.api.v1.test_auth_flow" name="test_me_with_valid_token" time="0.225" /><testcase classname="tests.api.v1.test_auth_flow" name="test_me_with_forged_token_returns_401" time="0.007" /><testcase classname="tests.api.v1.test_error_contract" name="test_inventory_detail_unknown_id_returns_404" time="0.110" /><testcase classname="tests.api.v1.test_error_contract" name="test_unknown_route_returns_404" time="0.125" /><testcase classname="tests.api.v1.test_health" name="test_health_check" time="0.016" /><testcase classname="tests.api.v1.test_rbac" name="test_admin_endpoint_without_token_returns_401" time="0.015" /><testcase classname="tests.api.v1.test_rbac" name="test_admin_endpoint_as_worker_returns_403" time="0.012" /><testcase classname="tests.api.v1.test_rbac" name="test_admin_endpoint_as_master_returns_200" time="0.019" /><testcase classname="tests.api.v1.test_rbac" name="test_dashboard_as_worker_returns_403" time="0.012" /><testcase classname="tests.api.v1.test_read_endpoints" name="test_inventory_list_returns_array" time="0.461" /><testcase classname="tests.api.v1.test_read_endpoints" name="test_orders_list_returns_array" time="0.058" /><testcase classname="tests.api.v1.test_read_endpoints" name="test_notifications_list" time="0.019" /><testcase classname="tests.api.v1.test_read_endpoints" name="test_dashboard_kpi_as_master" time="0.022" /><testcase classname="tests.test_ubci_matrix_equivalence" name="test_tiered_rules_match_legacy[rule0-_legacy_scratch-0]" time="0.004" /><testcase classname="tests.test_ubci_matrix_equivalence" name="test_tiered_rules_match_legacy[rule0-_legacy_scratch-0.1]" time="0.002" /><testcase classname="tests.test_ubci_matrix_equivalence" name="test_tiered_rules_match_legacy[rule0-_legacy_scratch-1]" time="0.002" /><testcase classname="tests.test_ubci_matrix_equivalence" name="test_tiered_rules_match_legacy[rule0-_legacy_scratch-4.9]" time="0.002" /><testcase classname="tests.test_ubci_matrix_equivalence" name="test_tiered_rules_match_legacy[rule0-_legacy_scratch-5]" time="0.002" /><testcase classname="tests.test_ubci_matrix_equivalence" name="test_tiered_rules_match_legacy[rule0-_legacy_scratch-5.1]" time="0.003" /><testcase classname="tests.test_ubci_matrix_equivalence" name="test_tiered_rules_match_legacy[rule0-_legacy_scratch-10]" time="0.003" /><testcase classname="tests.test_ubci_matrix_equivalence" name="test_tiered_rules_match_legacy[rule0-_legacy_scratch-14.9]" time="0.003" /><testcase classname="tests.test_ubci_matrix_equivalence" name="test_tiered_rules_match_legacy[rule0-_legacy_scratch-15]" time="0.003" /><testcase classname="tests.test_ubci_matrix_equivalence" name="test_tiered_rules_match_legacy[rule0-_legacy_scratch-15.1]" time="0.003" /><testcase classname="tests.test_ubci_matrix_equivalence" name="test_tiered_rules_match_legacy[rule0-_legacy_scratch-30]" time="0.003" /><testcase classname="tests.test_ubci_matrix_equivalence" name="test_tiered_rules_match_legacy[rule0-_legacy_scratch-80]" time="0.002" /><testcase classname="tests.test_ubci_matrix_equivalence" name="test_tiered_rules_match_legacy[rule0-_legacy_scratch-100]" time="0.002" /><testcase classname="tests.test_ubci_matrix_equivalence" name="test_tiered_rules_match_legacy[rule1-_legacy_tear-0]" time="0.002" /><testcase classname="tests.test_ubci_matrix_equivalence" name="test_tiered_rules_match_legacy[rule1-_legacy_tear-0.1]" time="0.003" /><testcase classname="tests.test_ubci_matrix_equivalence" name="test_tiered_rules_match_legacy[rule1-_legacy_tear-1]" time="0.002" /><testcase classname="tests.test_ubci_matrix_equivalence" name="test_tiered_rules_match_legacy[rule1-_legacy_tear-4.9]" time="0.003" /><testcase classname="tests.test_ubci_matrix_equivalence" name="test_tiered_rules_match_legacy[rule1-_legacy_tear-5]" time="0.003" /><testcase classname="tests.test_ubci_matrix_equivalence" name="test_tiered_rules_match_legacy[rule1-_legacy_tear-5.1]" time="0.002" /><testcase classname="tests.test_ubci_matrix_equivalence" name="test_tiered_rules_match_legacy[rule1-_legacy_tear-10]" time="0.002" /><testcase classname="tests.test_ubci_matrix_equivalence" name="test_tiered_rules_match_legacy[rule1-_legacy_tear-14.9]" time="0.003" /><testcase classname="tests.test_ubci_matrix_equivalence" name="test_tiered_rules_match_legacy[rule1-_legacy_tear-15]" time="0.002" /><testcase classname="tests.test_ubci_matrix_equivalence" name="test_tiered_rules_match_legacy[rule1-_legacy_tear-15.1]" time="0.003" /><testcase classname="tests.test_ubci_matrix_equivalence" name="test_tiered_rules_match_legacy[rule1-_legacy_tear-30]" time="0.002" /><testcase classname="tests.test_ubci_matrix_equivalence" name="test_tiered_rules_match_legacy[rule1-_legacy_tear-80]" time="0.002" /><testcase classname="tests.test_ubci_matrix_equivalence" name="test_tiered_rules_match_legacy[rule1-_legacy_tear-100]" time="0.002" /><testcase classname="tests.test_ubci_matrix_equivalence" name="test_tiered_rules_match_legacy[rule2-_legacy_sticker-0]" time="0.002" /><testcase classname="tests.test_ubci_matrix_equivalence" name="test_tiered_rules_match_legacy[rule2-_legacy_sticker-0.1]" time="0.002" /><testcase classname="tests.test_ubci_matrix_equivalence" name="test_tiered_rules_match_legacy[rule2-_legacy_sticker-1]" time="0.002" /><testcase classname="tests.test_ubci_matrix_equivalence" name="test_tiered_rules_match_legacy[rule2-_legacy_sticker-4.9]" time="0.002" /><testcase classname="tests.test_ubci_matrix_equivalence" name="test_tiered_rules_match_legacy[rule2-_legacy_sticker-5]" time="0.002" /><testcase classname="tests.test_ubci_matrix_equivalence" name="test_tiered_rules_match_legacy[rule2-_legacy_sticker-5.1]" time="0.002" /><testcase classname="tests.test_ubci_matrix_equivalence" name="test_tiered_rules_match_legacy[rule2-_legacy_sticker-10]" time="0.002" /><testcase classname="tests.test_ubci_matrix_equivalence" name="test_tiered_rules_match_legacy[rule2-_legacy_sticker-14.9]" time="0.002" /><testcase classname="tests.test_ubci_matrix_equivalence" name="test_tiered_rules_match_legacy[rule2-_legacy_sticker-15]" time="0.002" /><testcase classname="tests.test_ubci_matrix_equivalence" name="test_tiered_rules_match_legacy[rule2-_legacy_sticker-15.1]" time="0.002" /><testcase classname="tests.test_ubci_matrix_equivalence" name="test_tiered_rules_match_legacy[rule2-_legacy_sticker-30]" time="0.002" /><testcase classname="tests.test_ubci_matrix_equivalence" name="test_tiered_rules_match_legacy[rule2-_legacy_sticker-80]" time="0.002" /><testcase classname="tests.test_ubci_matrix_equivalence" name="test_tiered_rules_match_legacy[rule2-_legacy_sticker-100]" time="0.002" /><testcase classname="tests.test_ubci_matrix_equivalence" name="test_tiered_rules_match_legacy[rule3-_legacy_crush-0]" time="0.002" /><testcase classname="tests.test_ubci_matrix_equivalence" name="test_tiered_rules_match_legacy[rule3-_legacy_crush-0.1]" time="0.002" /><testcase classname="tests.test_ubci_matrix_equivalence" name="test_tiered_rules_match_legacy[rule3-_legacy_crush-1]" time="0.002" /><testcase classname="tests.test_ubci_matrix_equivalence" name="test_tiered_rules_match_legacy[rule3-_legacy_crush-4.9]" time="0.002" /><testcase classname="tests.test_ubci_matrix_equivalence" name="test_tiered_rules_match_legacy[rule3-_legacy_crush-5]" time="0.002" /><testcase classname="tests.test_ubci_matrix_equivalence" name="test_tiered_rules_match_legacy[rule3-_legacy_crush-5.1]" time="0.002" /><testcase classname="tests.test_ubci_matrix_equivalence" name="test_tiered_rules_match_legacy[rule3-_legacy_crush-10]" time="0.002" /><testcase classname="tests.test_ubci_matrix_equivalence" name="test_tiered_rules_match_legacy[rule3-_legacy_crush-14.9]" time="0.002" /><testcase classname="tests.test_ubci_matrix_equivalence" name="test_tiered_rules_match_legacy[rule3-_legacy_crush-15]" time="0.002" /><testcase classname="tests.test_ubci_matrix_equivalence" name="test_tiered_rules_match_legacy[rule3-_legacy_crush-15.1]" time="0.003" /><testcase classname="tests.test_ubci_matrix_equivalence" name="test_tiered_rules_match_legacy[rule3-_legacy_crush-30]" time="0.002" /><testcase classname="tests.test_ubci_matrix_equivalence" name="test_tiered_rules_match_legacy[rule3-_legacy_crush-80]" time="0.002" /><testcase classname="tests.test_ubci_matrix_equivalence" name="test_tiered_rules_match_legacy[rule3-_legacy_crush-100]" time="0.002" /><testcase classname="tests.test_ubci_matrix_equivalence" name="test_tiered_rules_match_legacy[rule4-_legacy_spine-0]" time="0.002" /><testcase classname="tests.test_ubci_matrix_equivalence" name="test_tiered_rules_match_legacy[rule4-_legacy_spine-0.1]" time="0.002" /><testcase classname="tests.test_ubci_matrix_equivalence" name="test_tiered_rules_match_legacy[rule4-_legacy_spine-1]" time="0.002" /><testcase classname="tests.test_ubci_matrix_equivalence" name="test_tiered_rules_match_legacy[rule4-_legacy_spine-4.9]" time="0.002" /><testcase classname="tests.test_ubci_matrix_equivalence" name="test_tiered_rules_match_legacy[rule4-_legacy_spine-5]" time="0.002" /><testcase classname="tests.test_ubci_matrix_equivalence" name="test_tiered_rules_match_legacy[rule4-_legacy_spine-5.1]" time="0.002" /><testcase classname="tests.test_ubci_matrix_equivalence" name="test_tiered_rules_match_legacy[rule4-_legacy_spine-10]" time="0.002" /><testcase classname="tests.test_ubci_matrix_equivalence" name="test_tiered_rules_match_legacy[rule4-_legacy_spine-14.9]" time="0.002" /><testcase classname="tests.test_ubci_matrix_equivalence" name="test_tiered_rules_match_legacy[rule4-_legacy_spine-15]" time="0.002" /><testcase classname="tests.test_ubci_matrix_equivalence" name="test_tiered_rules_match_legacy[rule4-_legacy_spine-15.1]" time="0.002" /><testcase classname="tests.test_ubci_matrix_equivalence" name="test_tiered_rules_match_legacy[rule4-_legacy_spine-30]" time="0.002" /><testcase classname="tests.test_ubci_matrix_equivalence" name="test_tiered_rules_match_legacy[rule4-_legacy_spine-80]" time="0.002" /><testcase classname="tests.test_ubci_matrix_equivalence" name="test_tiered_rules_match_legacy[rule4-_legacy_spine-100]" time="0.002" /><testcase classname="tests.test_ubci_matrix_equivalence" name="test_tiered_rules_match_legacy[rule5-_legacy_stain-0]" time="0.002" /><testcase classname="tests.test_ubci_matrix_equivalence" name="test_tiered_rules_match_legacy[rule5-_legacy_stain-0.1]" time="0.002" /><testcase classname="tests.test_ubci_matrix_equivalence" name="test_tiered_rules_match_legacy[rule5-_legacy_stain-1]" time="0.002" /><testcase classname="tests.test_ubci_matrix_equivalence" name="test_tiered_rules_match_legacy[rule5-_legacy_stain-4.9]" time="0.002" /><testcase classname="tests.test_ubci_matrix_equivalence" name="test_tiered_rules_match_legacy[rule5-_legacy_stain-5]" time="0.002" /><testcase classname="tests.test_ubci_matrix_equivalence" name="test_tiered_rules_match_legacy[rule5-_legacy_stain-5.1]" time="0.002" /><testcase classname="tests.test_ubci_matrix_equivalence" name="test_tiered_rules_match_legacy[rule5-_legacy_stain-10]" time="0.002" /><testcase classname="tests.test_ubci_matrix_equivalence" name="test_tiered_rules_match_legacy[rule5-_legacy_stain-14.9]" time="0.002" /><testcase classname="tests.test_ubci_matrix_equivalence" name="test_tiered_rules_match_legacy[rule5-_legacy_stain-15]" time="0.002" /><testcase classname="tests.test_ubci_matrix_equivalence" name="test_tiered_rules_match_legacy[rule5-_legacy_stain-15.1]" time="0.002" /><testcase classname="tests.test_ubci_matrix_equivalence" name="test_tiered_rules_match_legacy[rule5-_legacy_stain-30]" time="0.002" /><testcase classname="tests.test_ubci_matrix_equivalence" name="test_tiered_rules_match_legacy[rule5-_legacy_stain-80]" time="0.002" /><testcase classname="tests.test_ubci_matrix_equivalence" name="test_tiered_rules_match_legacy[rule5-_legacy_stain-100]" time="0.002" /><testcase classname="tests.test_ubci_matrix_equivalence" name="test_tiered_rules_match_legacy[rule6-_legacy_default-0]" time="0.002" /><testcase classname="tests.test_ubci_matrix_equivalence" name="test_tiered_rules_match_legacy[rule6-_legacy_default-0.1]" time="0.002" /><testcase classname="tests.test_ubci_matrix_equivalence" name="test_tiered_rules_match_legacy[rule6-_legacy_default-1]" time="0.002" /><testcase classname="tests.test_ubci_matrix_equivalence" name="test_tiered_rules_match_legacy[rule6-_legacy_default-4.9]" time="0.002" /><testcase classname="tests.test_ubci_matrix_equivalence" name="test_tiered_rules_match_legacy[rule6-_legacy_default-5]" time="0.002" /><testcase classname="tests.test_ubci_matrix_equivalence" name="test_tiered_rules_match_legacy[rule6-_legacy_default-5.1]" time="0.002" /><testcase classname="tests.test_ubci_matrix_equivalence" name="test_tiered_rules_match_legacy[rule6-_legacy_default-10]" time="0.002" /><testcase classname="tests.test_ubci_matrix_equivalence" name="test_tiered_rules_match_legacy[rule6-_legacy_default-14.9]" time="0.002" /><testcase classname="tests.test_ubci_matrix_equivalence" name="test_tiered_rules_match_legacy[rule6-_legacy_default-15]" time="0.002" /><testcase classname="tests.test_ubci_matrix_equivalence" name="test_tiered_rules_match_legacy[rule6-_legacy_default-15.1]" time="0.002" /><testcase classname="tests.test_ubci_matrix_equivalence" name="test_tiered_rules_match_legacy[rule6-_legacy_default-30]" time="0.002" /><testcase classname="tests.test_ubci_matrix_equivalence" name="test_tiered_rules_match_legacy[rule6-_legacy_default-80]" time="0.002" /><testcase classname="tests.test_ubci_matrix_equivalence" name="test_tiered_rules_match_legacy[rule6-_legacy_default-100]" time="0.002" /><testcase classname="tests.test_ubci_matrix_equivalence" name="test_tiered_rules_match_legacy[rule7-_legacy_wear_base-0]" time="0.002" /><testcase classname="tests.test_ubci_matrix_equivalence" name="test_tiered_rules_match_legacy[rule7-_legacy_wear_base-0.1]" time="0.002" /><testcase classname="tests.test_ubci_matrix_equivalence" name="test_tiered_rules_match_legacy[rule7-_legacy_wear_base-1]" time="0.002" /><testcase classname="tests.test_ubci_matrix_equivalence" name="test_tiered_rules_match_legacy[rule7-_legacy_wear_base-4.9]" time="0.002" /><testcase classname="tests.test_ubci_matrix_equivalence" name="test_tiered_rules_match_legacy[rule7-_legacy_wear_base-5]" time="0.002" /><testcase classname="tests.test_ubci_matrix_equivalence" name="test_tiered_rules_match_legacy[rule7-_legacy_wear_base-5.1]" time="0.002" /><testcase classname="tests.test_ubci_matrix_equivalence" name="test_tiered_rules_match_legacy[rule7-_legacy_wear_base-10]" time="0.002" /><testcase classname="tests.test_ubci_matrix_equivalence" name="test_tiered_rules_match_legacy[rule7-_legacy_wear_base-14.9]" time="0.002" /><testcase classname="tests.test_ubci_matrix_equivalence" name="test_tiered_rules_match_legacy[rule7-_legacy_wear_base-15]" time="0.002" /><testcase classname="tests.test_ubci_matrix_equivalence" name="test_tiered_rules_match_legacy[rule7-_legacy_wear_base-15.1]" time="0.002" /><testcase classname="tests.test_ubci_matrix_equivalence" name="test_tiered_rules_match_legacy[rule7-_legacy_wear_base-30]" time="0.002" /><testcase classname="tests.test_ubci_matrix_equivalence" name="test_tiered_rules_match_legacy[rule7-_legacy_wear_base-80]" time="0.002" /><testcase classname="tests.test_ubci_matrix_equivalence" name="test_tiered_rules_match_legacy[rule7-_legacy_wear_base-100]" time="0.002" /><testcase classname="tests.test_ubci_matrix_equivalence" name="test_flat_rules_are_area_independent[rule0-15-0]" time="0.002" /><testcase classname="tests.test_ubci_matrix_equivalence" name="test_flat_rules_are_area_independent[rule0-15-0.1]" time="0.002" /><testcase classname="tests.test_ubci_matrix_equivalence" name="test_flat_rules_are_area_independent[rule0-15-1]" time="0.002" /><testcase classname="tests.test_ubci_matrix_equivalence" name="test_flat_rules_are_area_independent[rule0-15-4.9]" time="0.002" /><testcase classname="tests.test_ubci_matrix_equivalence" name="test_flat_rules_are_area_independent[rule0-15-5]" time="0.002" /><testcase classname="tests.test_ubci_matrix_equivalence" name="test_flat_rules_are_area_independent[rule0-15-5.1]" time="0.002" /><testcase classname="tests.test_ubci_matrix_equivalence" name="test_flat_rules_are_area_independent[rule0-15-10]" time="0.002" /><testcase classname="tests.test_ubci_matrix_equivalence" name="test_flat_rules_are_area_independent[rule0-15-14.9]" time="0.002" /><testcase classname="tests.test_ubci_matrix_equivalence" name="test_flat_rules_are_area_independent[rule0-15-15]" time="0.002" /><testcase classname="tests.test_ubci_matrix_equivalence" name="test_flat_rules_are_area_independent[rule0-15-15.1]" time="0.002" /><testcase classname="tests.test_ubci_matrix_equivalence" name="test_flat_rules_are_area_independent[rule0-15-30]" time="0.002" /><testcase classname="tests.test_ubci_matrix_equivalence" name="test_flat_rules_are_area_independent[rule0-15-80]" time="0.002" /><testcase classname="tests.test_ubci_matrix_equivalence" name="test_flat_rules_are_area_independent[rule0-15-100]" time="0.002" /><testcase classname="tests.test_ubci_matrix_equivalence" name="test_flat_rules_are_area_independent[rule1-10-0]" time="0.002" /><testcase classname="tests.test_ubci_matrix_equivalence" name="test_flat_rules_are_area_independent[rule1-10-0.1]" time="0.002" /><testcase classname="tests.test_ubci_matrix_equivalence" name="test_flat_rules_are_area_independent[rule1-10-1]" time="0.002" /><testcase classname="tests.test_ubci_matrix_equivalence" name="test_flat_rules_are_area_independent[rule1-10-4.9]" time="0.002" /><testcase classname="tests.test_ubci_matrix_equivalence" name="test_flat_rules_are_area_independent[rule1-10-5]" time="0.002" /><testcase classname="tests.test_ubci_matrix_equivalence" name="test_flat_rules_are_area_independent[rule1-10-5.1]" time="0.002" /><testcase classname="tests.test_ubci_matrix_equivalence" name="test_flat_rules_are_area_independent[rule1-10-10]" time="0.002" /><testcase classname="tests.test_ubci_matrix_equivalence" name="test_flat_rules_are_area_independent[rule1-10-14.9]" time="0.002" /><testcase classname="tests.test_ubci_matrix_equivalence" name="test_flat_rules_are_area_independent[rule1-10-15]" time="0.002" /><testcase classname="tests.test_ubci_matrix_equivalence" name="test_flat_rules_are_area_independent[rule1-10-15.1]" time="0.002" /><testcase classname="tests.test_ubci_matrix_equivalence" name="test_flat_rules_are_area_independent[rule1-10-30]" time="0.002" /><testcase classname="tests.test_ubci_matrix_equivalence" name="test_flat_rules_are_area_independent[rule1-10-80]" time="0.002" /><testcase classname="tests.test_ubci_matrix_equivalence" name="test_flat_rules_are_area_independent[rule1-10-100]" time="0.002" /><testcase classname="tests.test_ubci_matrix_equivalence" name="test_flat_rules_are_area_independent[rule2-10-0]" time="0.002" /><testcase classname="tests.test_ubci_matrix_equivalence" name="test_flat_rules_are_area_independent[rule2-10-0.1]" time="0.002" /><testcase classname="tests.test_ubci_matrix_equivalence" name="test_flat_rules_are_area_independent[rule2-10-1]" time="0.002" /><testcase classname="tests.test_ubci_matrix_equivalence" name="test_flat_rules_are_area_independent[rule2-10-4.9]" time="0.002" /><testcase classname="tests.test_ubci_matrix_equivalence" name="test_flat_rules_are_area_independent[rule2-10-5]" time="0.002" /><testcase classname="tests.test_ubci_matrix_equivalence" name="test_flat_rules_are_area_independent[rule2-10-5.1]" time="0.002" /><testcase classname="tests.test_ubci_matrix_equivalence" name="test_flat_rules_are_area_independent[rule2-10-10]" time="0.002" /><testcase classname="tests.test_ubci_matrix_equivalence" name="test_flat_rules_are_area_independent[rule2-10-14.9]" time="0.002" /><testcase classname="tests.test_ubci_matrix_equivalence" name="test_flat_rules_are_area_independent[rule2-10-15]" time="0.002" /><testcase classname="tests.test_ubci_matrix_equivalence" name="test_flat_rules_are_area_independent[rule2-10-15.1]" time="0.003" /><testcase classname="tests.test_ubci_matrix_equivalence" name="test_flat_rules_are_area_independent[rule2-10-30]" time="0.002" /><testcase classname="tests.test_ubci_matrix_equivalence" name="test_flat_rules_are_area_independent[rule2-10-80]" time="0.002" /><testcase classname="tests.test_ubci_matrix_equivalence" name="test_flat_rules_are_area_independent[rule2-10-100]" time="0.002" /><testcase classname="tests.test_ubci_matrix_equivalence" name="test_flat_rules_are_area_independent[rule3-15-0]" time="0.002" /><testcase classname="tests.test_ubci_matrix_equivalence" name="test_flat_rules_are_area_independent[rule3-15-0.1]" time="0.002" /><testcase classname="tests.test_ubci_matrix_equivalence" name="test_flat_rules_are_area_independent[rule3-15-1]" time="0.002" /><testcase classname="tests.test_ubci_matrix_equivalence" name="test_flat_rules_are_area_independent[rule3-15-4.9]" time="0.002" /><testcase classname="tests.test_ubci_matrix_equivalence" name="test_flat_rules_are_area_independent[rule3-15-5]" time="0.002" /><testcase classname="tests.test_ubci_matrix_equivalence" name="test_flat_rules_are_area_independent[rule3-15-5.1]" time="0.002" /><testcase classname="tests.test_ubci_matrix_equivalence" name="test_flat_rules_are_area_independent[rule3-15-10]" time="0.002" /><testcase classname="tests.test_ubci_matrix_equivalence" name="test_flat_rules_are_area_independent[rule3-15-14.9]" time="0.002" /><testcase classname="tests.test_ubci_matrix_equivalence" name="test_flat_rules_are_area_independent[rule3-15-15]" time="0.002" /><testcase classname="tests.test_ubci_matrix_equivalence" name="test_flat_rules_are_area_independent[rule3-15-15.1]" time="0.002" /><testcase classname="tests.test_ubci_matrix_equivalence" name="test_flat_rules_are_area_independent[rule3-15-30]" time="0.002" /><testcase classname="tests.test_ubci_matrix_equivalence" name="test_flat_rules_are_area_independent[rule3-15-80]" time="0.002" /><testcase classname="tests.test_ubci_matrix_equivalence" name="test_flat_rules_are_area_independent[rule3-15-100]" time="0.002" /><testcase classname="tests.test_ubci_matrix_equivalence" name="test_discolor_level_matches_legacy[1-2]" time="0.002" /><testcase classname="tests.test_ubci_matrix_equivalence" name="test_discolor_level_matches_legacy[2-5]" time="0.002" /><testcase classname="tests.test_ubci_matrix_equivalence" name="test_discolor_level_matches_legacy[3-10]" time="0.002" /><testcase classname="tests.test_ubci_matrix_equivalence" name="test_doodle_page_threshold_matches_legacy[0-10]" time="0.002" /><testcase classname="tests.test_ubci_matrix_equivalence" name="test_doodle_page_threshold_matches_legacy[1-10]" time="0.002" /><testcase classname="tests.test_ubci_matrix_equivalence" name="test_doodle_page_threshold_matches_legacy[5-10]" time="0.002" /><testcase classname="tests.test_ubci_matrix_equivalence" name="test_doodle_page_threshold_matches_legacy[6-15]" time="0.002" /><testcase classname="tests.test_ubci_matrix_equivalence" name="test_doodle_page_threshold_matches_legacy[100-15]" time="0.002" /><testcase classname="tests.test_ubci_matrix_equivalence" name="test_edge_wear_total_matches_legacy[0-1]" time="0.002" /><testcase classname="tests.test_ubci_matrix_equivalence" name="test_edge_wear_total_matches_legacy[3-1]" time="0.002" /><testcase classname="tests.test_ubci_matrix_equivalence" name="test_edge_wear_total_matches_legacy[3-4]" time="0.002" /><testcase classname="tests.test_ubci_matrix_equivalence" name="test_edge_wear_total_matches_legacy[10-2]" time="0.002" /><testcase classname="tests.test_ubci_matrix_equivalence" name="test_edge_wear_total_matches_legacy[20-1]" time="0.002" /><testcase classname="tests.test_ubci_matrix_equivalence" name="test_edge_wear_total_matches_legacy[20-4]" time="0.002" /><testcase classname="tests.test_ubci_matrix_equivalence" name="test_edge_wear_total_matches_legacy[50-8]" time="0.002" /><testcase classname="tests.test_ubci_matrix_equivalence" name="test_grade_and_decision_match_legacy[100-S\uae09 (MINT)-APPROVE]" time="0.002" /><testcase classname="tests.test_ubci_matrix_equivalence" name="test_grade_and_decision_match_legacy[95-S\uae09 (MINT)-APPROVE]" time="0.002" /><testcase classname="tests.test_ubci_matrix_equivalence" name="test_grade_and_decision_match_legacy[94-A\uae09 (GOOD)-APPROVE]" time="0.002" /><testcase classname="tests.test_ubci_matrix_equivalence" name="test_grade_and_decision_match_legacy[85-A\uae09 (GOOD)-APPROVE]" time="0.002" /><testcase classname="tests.test_ubci_matrix_equivalence" name="test_grade_and_decision_match_legacy[84-B\uae09 (NORMAL)-APPROVE]" time="0.002" /><testcase classname="tests.test_ubci_matrix_equivalence" name="test_grade_and_decision_match_legacy[65-B\uae09 (NORMAL)-APPROVE]" time="0.002" /><testcase classname="tests.test_ubci_matrix_equivalence" name="test_grade_and_decision_match_legacy[64-REJECT C\uae09 (\ud3d0\uae30)-REJECT]" time="0.002" /><testcase classname="tests.test_ubci_matrix_equivalence" name="test_grade_and_decision_match_legacy[0-REJECT C\uae09 (\ud3d0\uae30)-REJECT]" time="0.002" /><testcase classname="tests.test_ubci_matrix_equivalence" name="test_text_overlap_exemptions_preserved" time="0.002" /><testcase classname="tests.test_ubci_matrix_equivalence" name="test_every_rule_carries_a_clause_reference" time="0.002" /><testcase classname="tests.unit.test_best_model_and_jsonb" name="test_wbf_ensemble_model_paths_exist" time="0.002" /><testcase classname="tests.unit.test_best_model_and_jsonb" name="test_vision_result_bbox_and_jsonb_serialization" time="0.002" /><testcase classname="tests.unit.test_best_model_and_jsonb" name="test_defect_detail_optional_fields_default_safely" time="0.002" /><testcase classname="tests.unit.test_best_model_and_jsonb" name="test_return_job_agent_logs_jsonb_roundtrip" time="0.002" /><testcase classname="tests.unit.test_dlq_retention_policy" name="test_push_to_dlq_applies_retention_policy" time="0.002" /><testcase classname="tests.unit.test_dlq_retention_policy" name="test_push_to_dlq_survives_redis_failure" time="0.002" /><testcase classname="tests.unit.test_pricing_model_fallback" name="test_model_is_active_by_default" time="2.276" /><testcase classname="tests.unit.test_pricing_model_fallback" name="test_falls_back_when_model_file_missing" time="0.003" /><testcase classname="tests.unit.test_pricing_model_fallback" name="test_falls_back_when_inference_raises" time="0.003" /><testcase classname="tests.unit.test_pricing_model_fallback" name="test_falls_back_when_prediction_has_nan" time="0.002" /><testcase classname="tests.unit.test_pricing_model_fallback" name="test_price_is_deterministic_across_repeats" time="0.089" /><testcase classname="tests.unit.test_pricing_model_fallback" name="test_better_condition_gets_smaller_discount[60-90]" time="0.003" /><testcase classname="tests.unit.test_pricing_model_fallback" name="test_better_condition_gets_smaller_discount[70-100]" time="0.003" /><testcase classname="tests.unit.test_restock_scan_batch" name="test_batch_enqueues_scan_task" time="0.002" /><testcase classname="tests.unit.test_restock_scan_batch" name="test_batch_falls_back_to_inprocess_on_broker_failure" time="0.002" /><testcase classname="tests.unit.test_zpl_label_service" name="test_certificate_qr_url_points_to_lpn_route" time="0.002" /><testcase classname="tests.unit.test_zpl_label_service" name="test_lpn_label_contains_qr_and_barcode_text" time="0.002" /><testcase classname="tests.unit.test_zpl_label_service" name="test_ubci_label_contains_grade_and_score" time="0.002" /><testcase classname="tests.unit.test_zpl_label_service" name="test_ubci_label_without_score_prints_dash" time="0.002" /><testcase classname="tests.unit.test_zpl_label_service" name="test_zpl_control_characters_are_sanitized" time="0.002" /><testcase classname="tests.unit.test_zpl_label_service" name="test_label_dimensions_match_203dpi_50x31mm" time="0.002" /></testsuite></testsuites>